# JRE version: OpenJDK Runtime Environment (18.0.2.1+1) (build 18.0.2.1+1-1)
# Java VM: OpenJDK 64-Bit Server VM (18.0.2.1+1-1, mixed mode, sharing, tiered, compressed oops, compressed class ptrs, g1 gc, windows-amd64)
GC Precious Log:
 CardTable entry size: 512
 Card Set container configuration: InlinePtr #cards 5 size 8 Array Of Cards #cards 12 size 40 Howl #buckets 4 coarsen threshold 1843 Howl Bitmap #cards 512 size 80 coarsen threshold 460 Card regions per heap region 1 cards per card region 2048
 CPUs: 8 total, 8 available
 Memory: 7937M
 Large Page Support: Disabled
 NUMA Support: Disabled
 Compressed Oops: Enabled (32-bit)
 Heap Region Size: 1M
 Heap Min Capacity: 8M
 Heap Initial Capacity: 126M
 Heap Max Capacity: 1986M
 Pre-touch: Disabled
 Parallel Workers: 8
 Concurrent Workers: 2
 Concurrent Refinement Workers: 8
 Periodic GC: Disabled
Heap:
 garbage-first heap   total 103424K, used 45124K [0x0000000083e00000, 0x0000000100000000)
  region size 1024K, 19 young (19456K), 2 survivors (2048K)
 Metaspace       used 58295K, committed 58816K, reserved 1114112K
  class space    used 7384K, committed 7616K, reserved 1048576K
GC Heap History (20 events):
Event: 5.414 GC heap before
{Heap before GC invocations=6 (full 0):
 garbage-first heap   total 55296K, used 36398K [0x0000000083e00000, 0x0000000100000000)
  region size 1024K, 20 young (20480K), 1 survivors (1024K)
 Metaspace       used 30657K, committed 31040K, reserved 1114112K
  class space    used 3849K, committed 4032K, reserved 1048576K
}
Event: 5.417 GC heap after
{Heap after GC invocations=7 (full 0):
 garbage-first heap   total 55296K, used 18600K [0x0000000083e00000, 0x0000000100000000)
  region size 1024K, 2 young (2048K), 2 survivors (2048K)
 Metaspace       used 30657K, committed 31040K, reserved 1114112K
  class space    used 3849K, committed 4032K, reserved 1048576K
}
Event: 5.864 GC heap before
{Heap before GC invocations=7 (full 0):
 garbage-first heap   total 55296K, used 33960K [0x0000000083e00000, 0x0000000100000000)
  region size 1024K, 18 young (18432K), 2 survivors (2048K)
 Metaspace       used 35665K, committed 35968K, reserved 1114112K
  class space    used 4572K, committed 4736K, reserved 1048576K
}
Event: 5.867 GC heap after
{Heap after GC invocations=8 (full 0):
 garbage-first heap   total 55296K, used 20160K [0x0000000083e00000, 0x0000000100000000)
  region size 1024K, 3 young (3072K), 3 survivors (3072K)
 Metaspace       used 35665K, committed 35968K, reserved 1114112K
  class space    used 4572K, committed 4736K, reserved 1048576K
}
Event: 6.421 GC heap before
{Heap before GC invocations=9 (full 0):
 garbage-first heap   total 55296K, used 40640K [0x0000000083e00000, 0x0000000100000000)
  region size 1024K, 23 young (23552K), 3 survivors (3072K)
 Metaspace       used 41629K, committed 41984K, reserved 1114112K
  class space    used 5480K, committed 5632K, reserved 1048576K
}
Event: 6.426 GC heap after
{Heap after GC invocations=10 (full 0):
 garbage-first heap   total 55296K, used 21712K [0x0000000083e00000, 0x0000000100000000)
  region size 1024K, 3 young (3072K), 3 survivors (3072K)
 Metaspace       used 41629K, committed 41984K, reserved 1114112K
  class space    used 5480K, committed 5632K, reserved 1048576K
}
Event: 6.473 GC heap before
{Heap before GC invocations=10 (full 0):
 garbage-first heap   total 55296K, used 22736K [0x0000000083e00000, 0x0000000100000000)
  region size 1024K, 4 young (4096K), 3 survivors (3072K)
 Metaspace       used 41825K, committed 42240K, reserved 1114112K
  class space    used 5521K, committed 5696K, reserved 1048576K
}
Event: 6.476 GC heap after
{Heap after GC invocations=11 (full 0):
 garbage-first heap   total 55296K, used 21964K [0x0000000083e00000, 0x0000000100000000)
  region size 1024K, 1 young (1024K), 1 survivors (1024K)
 Metaspace       used 41825K, committed 42240K, reserved 1114112K
  class space    used 5521K, committed 5696K, reserved 1048576K
}
Event: 7.036 GC heap before
{Heap before GC invocations=11 (full 0):
 garbage-first heap   total 55296K, used 41420K [0x0000000083e00000, 0x0000000100000000)
  region size 1024K, 20 young (20480K), 1 survivors (1024K)
 Metaspace       used 45707K, committed 46080K, reserved 1114112K
  class space    used 6053K, committed 6208K, reserved 1048576K
}
Event: 7.038 GC heap after
{Heap after GC invocations=12 (full 0):
 garbage-first heap   total 55296K, used 22881K [0x0000000083e00000, 0x0000000100000000)
  region size 1024K, 2 young (2048K), 2 survivors (2048K)
 Metaspace       used 45707K, committed 46080K, reserved 1114112K
  class space    used 6053K, committed 6208K, reserved 1048576K
}
Event: 7.465 GC heap before
{Heap before GC invocations=12 (full 0):
 garbage-first heap   total 55296K, used 41313K [0x0000000083e00000, 0x0000000100000000)
  region size 1024K, 20 young (20480K), 2 survivors (2048K)
 Metaspace       used 48564K, committed 48960K, reserved 1114112K
  class space    used 6438K, committed 6592K, reserved 1048576K
}
Event: 7.468 GC heap after
{Heap after GC invocations=13 (full 0):
 garbage-first heap   total 55296K, used 23986K [0x0000000083e00000, 0x0000000100000000)
  region size 1024K, 3 young (3072K), 3 survivors (3072K)
 Metaspace       used 48564K, committed 48960K, reserved 1114112K
  class space    used 6438K, committed 6592K, reserved 1048576K
}
Event: 7.757 GC heap before
{Heap before GC invocations=13 (full 0):
 garbage-first heap   total 55296K, used 42418K [0x0000000083e00000, 0x0000000100000000)
  region size 1024K, 21 young (21504K), 3 survivors (3072K)
 Metaspace       used 49358K, committed 49728K, reserved 1114112K
  class space    used 6541K, committed 6720K, reserved 1048576K
}
Event: 7.761 GC heap after
{Heap after GC invocations=14 (full 0):
 garbage-first heap   total 55296K, used 24976K [0x0000000083e00000, 0x0000000100000000)
  region size 1024K, 3 young (3072K), 3 survivors (3072K)
 Metaspace       used 49358K, committed 49728K, reserved 1114112K
  class space    used 6541K, committed 6720K, reserved 1048576K
}
Event: 8.371 GC heap before
{Heap before GC invocations=14 (full 0):
 garbage-first heap   total 55296K, used 42384K [0x0000000083e00000, 0x0000000100000000)
  region size 1024K, 20 young (20480K), 3 survivors (3072K)
 Metaspace       used 51505K, committed 51968K, reserved 1114112K
  class space    used 6818K, committed 7040K, reserved 1048576K
}
Event: 8.380 GC heap after
{Heap after GC invocations=15 (full 0):
 garbage-first heap   total 55296K, used 27040K [0x0000000083e00000, 0x0000000100000000)
  region size 1024K, 3 young (3072K), 3 survivors (3072K)
 Metaspace       used 51505K, committed 51968K, reserved 1114112K
  class space    used 6818K, committed 7040K, reserved 1048576K
}
Event: 9.050 GC heap before
{Heap before GC invocations=15 (full 0):
 garbage-first heap   total 55296K, used 42400K [0x0000000083e00000, 0x0000000100000000)
  region size 1024K, 19 young (19456K), 3 survivors (3072K)
 Metaspace       used 55609K, committed 56064K, reserved 1114112K
  class space    used 7350K, committed 7552K, reserved 1048576K
}
Event: 9.060 GC heap after
{Heap after GC invocations=16 (full 0):
 garbage-first heap   total 103424K, used 28687K [0x0000000083e00000, 0x0000000100000000)
  region size 1024K, 2 young (2048K), 2 survivors (2048K)
 Metaspace       used 55609K, committed 56064K, reserved 1114112K
  class space    used 7350K, committed 7552K, reserved 1048576K
}
Event: 11.781 GC heap before
{Heap before GC invocations=16 (full 0):
 garbage-first heap   total 103424K, used 75791K [0x0000000083e00000, 0x0000000100000000)
  region size 1024K, 48 young (49152K), 2 survivors (2048K)
 Metaspace       used 57859K, committed 58368K, reserved 1114112K
  class space    used 7384K, committed 7616K, reserved 1048576K
}
Event: 11.788 GC heap after
{Heap after GC invocations=17 (full 0):
 garbage-first heap   total 103424K, used 28740K [0x0000000083e00000, 0x0000000100000000)
  region size 1024K, 2 young (2048K), 2 survivors (2048K)
 Metaspace       used 57859K, committed 58368K, reserved 1114112K
  class space    used 7384K, committed 7616K, reserved 1048576K
}

